INFO:root:Os códigos do SourceLanguageCode e TargetLanguageCode são diferentes - Processando
WARNING:root:O código do SourceLanguageCode é o mesmo do TargetLanguageCode - Finalizando
INFO:root: O SourceLanguageCode e o TargetLanguageCode são válidos - Processando
DEBUG:botocore.hooks:Changing event name from creating-client-class.iot-data to creating-client-class.iot-data-plane
DEBUG:botocore.hooks:Changing event name from before-call.apigateway to before-call.api-gateway
DEBUG:botocore.hooks:Changing event name from request-created.machinelearning.Predict to request-created.machine-learning.Predict
DEBUG:botocore.hooks:Changing event name from before-parameter-build.autoscaling.CreateLaunchConfiguration to before-parameter-build.auto-scaling.CreateLaunchConfiguration
DEBUG:botocore.hooks:Changing event name from before-parameter-build.route53 to before-parameter-build.route-53
DEBUG:botocore.hooks:Changing event name from request-created.cloudsearchdomain.Search to request-created.cloudsearch-domain.Search
DEBUG:botocore.hooks:Changing event name from docs.*.autoscaling.CreateLaunchConfiguration.complete-section to docs.*.auto-scaling.CreateLaunchConfiguration.complete-section
DEBUG:botocore.hooks:Changing event name from before-parameter-build.logs.CreateExportTask to before-parameter-build.cloudwatch-logs.CreateExportTask
DEBUG:botocore.hooks:Changing event name from docs.*.logs.CreateExportTask.complete-section to docs.*.cloudwatch-logs.CreateExportTask.complete-section
DEBUG:botocore.hooks:Changing event name from before-parameter-build.cloudsearchdomain.Search to before-parameter-build.cloudsearch-domain.Search
DEBUG:botocore.hooks:Changing event name from docs.*.cloudsearchdomain.Search.complete-section to docs.*.cloudsearch-domain.Search.complete-section
DEBUG:botocore.utils:IMDS ENDPOINT: http://169.254.169.254/
DEBUG:botocore.credentials:Looking for credentials via: env
DEBUG:botocore.credentials:Looking for credentials via: assume-role
DEBUG:botocore.credentials:Looking for credentials via: assume-role-with-web-identity
DEBUG:botocore.credentials:Looking for credentials via: sso
DEBUG:botocore.credentials:Looking for credentials via: shared-credentials-file
INFO:botocore.credentials:Found credentials in shared credentials file: ~/.aws/credentials
DEBUG:botocore.loaders:Loading JSON file: C:\Users\rnsg\AppData\Local\Programs\Python\Python39\lib\site-packages\botocore\data\endpoints.json
DEBUG:botocore.hooks:Event choose-service-name: calling handler <function handle_service_name_alias at 0x000002B131D9C790>
DEBUG:botocore.loaders:Loading JSON file: C:\Users\rnsg\AppData\Local\Programs\Python\Python39\lib\site-packages\botocore\data\translate\2017-07-01\service-2.json
DEBUG:botocore.hooks:Event creating-client-class.translate: calling handler <function add_generate_presigned_url at 0x000002B131D4D280>
DEBUG:botocore.endpoint:Setting translate timeout as (60, 60)
DEBUG:botocore.loaders:Loading JSON file: C:\Users\rnsg\AppData\Local\Programs\Python\Python39\lib\site-packages\botocore\data\_retry.json
DEBUG:botocore.client:Registering retry handlers for service: translate
DEBUG:botocore.hooks:Event before-parameter-build.translate.TranslateText: calling handler <function generate_idempotent_uuid at 0x000002B131DC0EE0>
DEBUG:botocore.hooks:Event before-call.translate.TranslateText: calling handler <function inject_api_version_header_if_needed at 0x000002B131DCA790>
DEBUG:botocore.endpoint:Making request for OperationModel(name=TranslateText) with params: {'url_path': '/', 'query_string': '', 'method': 'POST', 'headers': {'X-Amz-Target': 'AWSShineFrontendService_20170701.TranslateText', 'Content-Type': 'application/x-amz-json-1.1', 'User-Agent': 'Boto3/1.18.31 Python/3.9.6 Windows/10 Botocore/1.21.31'}, 'body': b'{"Text": "What is cloud computing?", "SourceLanguageCode": "en", "TargetLanguageCode": "pt"}', 'url': 'https://translate.us-east-1.amazonaws.com/', 'context': {'client_region': 'us-east-1', 'client_config': <botocore.config.Config object at 0x000002B131EADEB0>, 'has_streaming_input': False, 'auth_type': None}}
DEBUG:botocore.hooks:Event request-created.translate.TranslateText: calling handler <bound method RequestSigner.handler of <botocore.signers.RequestSigner object at 0x000002B131EADCD0>>
DEBUG:botocore.hooks:Event choose-signer.translate.TranslateText: calling handler <function set_operation_specific_signer at 0x000002B131DC0DC0>
DEBUG:botocore.auth:Calculating signature using v4 auth.
DEBUG:botocore.auth:CanonicalRequest:
POST
/

content-type:application/x-amz-json-1.1
host:translate.us-east-1.amazonaws.com
x-amz-date:20210903T195233Z
x-amz-target:AWSShineFrontendService_20170701.TranslateText

content-type;host;x-amz-date;x-amz-target
de5e782d24d7d4f0642f45b31d1f2b1936f5e95cd734d4ee90dfda3d9dc64b2b
DEBUG:botocore.auth:StringToSign:
AWS4-HMAC-SHA256
20210903T195233Z
20210903/us-east-1/translate/aws4_request
875939a7bd0505fa5b20d47defd7dbd8798cd496bcdc2fd3ef6c134b0cd5f7cd
DEBUG:botocore.auth:Signature:
23f7746d98096f92e681db2df7094b3aa5d789396997b08751976ab50f36b0b3
DEBUG:botocore.endpoint:Sending http request: <AWSPreparedRequest stream_output=False, method=POST, url=https://translate.us-east-1.amazonaws.com/, headers={'X-Amz-Target': b'AWSShineFrontendService_20170701.TranslateText', 'Content-Type': b'application/x-amz-json-1.1', 'User-Agent': b'Boto3/1.18.31 Python/3.9.6 Windows/10 Botocore/1.21.31', 'X-Amz-Date': b'20210903T195233Z', 'Authorization': b'AWS4-HMAC-SHA256 Credential=AKIAYMRRSIHXGPZRDLUX/20210903/us-east-1/translate/aws4_request, SignedHeaders=content-type;host;x-amz-date;x-amz-target, Signature=23f7746d98096f92e681db2df7094b3aa5d789396997b08751976ab50f36b0b3', 'Content-Length': '92'}>
DEBUG:botocore.httpsession:Certificate path: C:\Users\rnsg\AppData\Local\Programs\Python\Python39\lib\site-packages\botocore\cacert.pem
DEBUG:urllib3.connectionpool:Starting new HTTPS connection (1): translate.us-east-1.amazonaws.com:443
DEBUG:urllib3.connectionpool:https://translate.us-east-1.amazonaws.com:443 "POST / HTTP/1.1" 200 104
DEBUG:botocore.parsers:Response headers: {'x-amzn-RequestId': 'c11890b1-34eb-4604-8662-9c23ddfd8d1a', 'Cache-Control': 'no-cache', 'Content-Type': 'application/x-amz-json-1.1', 'Content-Length': '104', 'Date': 'Fri, 03 Sep 2021 19:52:38 GMT'}
DEBUG:botocore.parsers:Response body:
b'{"SourceLanguageCode":"en","TargetLanguageCode":"pt","TranslatedText":"O que \xc3\xa9 computa\xc3\xa7\xc3\xa3o em nuvem?"}'
DEBUG:botocore.hooks:Event needs-retry.translate.TranslateText: calling handler <botocore.retryhandler.RetryHandler object at 0x000002B13218F850>
DEBUG:botocore.retryhandler:No retry needed.
INFO:root: O SourceLanguageCode e o TargetLanguageCode são válidos - Processando
DEBUG:botocore.hooks:Event choose-service-name: calling handler <function handle_service_name_alias at 0x000002B131D9C790>
DEBUG:botocore.hooks:Event creating-client-class.translate: calling handler <function add_generate_presigned_url at 0x000002B131D4D280>
DEBUG:botocore.endpoint:Setting translate timeout as (60, 60)
DEBUG:botocore.client:Registering retry handlers for service: translate
DEBUG:botocore.hooks:Event before-parameter-build.translate.TranslateText: calling handler <function generate_idempotent_uuid at 0x000002B131DC0EE0>
DEBUG:botocore.hooks:Event before-call.translate.TranslateText: calling handler <function inject_api_version_header_if_needed at 0x000002B131DCA790>
DEBUG:botocore.endpoint:Making request for OperationModel(name=TranslateText) with params: {'url_path': '/', 'query_string': '', 'method': 'POST', 'headers': {'X-Amz-Target': 'AWSShineFrontendService_20170701.TranslateText', 'Content-Type': 'application/x-amz-json-1.1', 'User-Agent': 'Boto3/1.18.31 Python/3.9.6 Windows/10 Botocore/1.21.31'}, 'body': b'{"Text": "Cloud computing is the on-demand delivery of IT resources over the Internet with pay-as-you-go pricing.", "SourceLanguageCode": "en", "TargetLanguageCode": "pt"}', 'url': 'https://translate.us-east-1.amazonaws.com/', 'context': {'client_region': 'us-east-1', 'client_config': <botocore.config.Config object at 0x000002B13218FD00>, 'has_streaming_input': False, 'auth_type': None}}
DEBUG:botocore.hooks:Event request-created.translate.TranslateText: calling handler <bound method RequestSigner.handler of <botocore.signers.RequestSigner object at 0x000002B13218FAF0>>
DEBUG:botocore.hooks:Event choose-signer.translate.TranslateText: calling handler <function set_operation_specific_signer at 0x000002B131DC0DC0>
DEBUG:botocore.auth:Calculating signature using v4 auth.
DEBUG:botocore.auth:CanonicalRequest:
POST
/

content-type:application/x-amz-json-1.1
host:translate.us-east-1.amazonaws.com
x-amz-date:20210903T195234Z
x-amz-target:AWSShineFrontendService_20170701.TranslateText

content-type;host;x-amz-date;x-amz-target
cd564cbbd370a75a952b445d21580b023fd9568cc14abbda973c34f35c930114
DEBUG:botocore.auth:StringToSign:
AWS4-HMAC-SHA256
20210903T195234Z
20210903/us-east-1/translate/aws4_request
5268d5f5acdc14ed7dd118d4ec22d8207df8f804bdb0efd2824b98f685e2dba8
DEBUG:botocore.auth:Signature:
0ed281dba689919b2ce80868d404aa60bf135e2078605f95d599f4155888303b
DEBUG:botocore.endpoint:Sending http request: <AWSPreparedRequest stream_output=False, method=POST, url=https://translate.us-east-1.amazonaws.com/, headers={'X-Amz-Target': b'AWSShineFrontendService_20170701.TranslateText', 'Content-Type': b'application/x-amz-json-1.1', 'User-Agent': b'Boto3/1.18.31 Python/3.9.6 Windows/10 Botocore/1.21.31', 'X-Amz-Date': b'20210903T195234Z', 'Authorization': b'AWS4-HMAC-SHA256 Credential=AKIAYMRRSIHXGPZRDLUX/20210903/us-east-1/translate/aws4_request, SignedHeaders=content-type;host;x-amz-date;x-amz-target, Signature=0ed281dba689919b2ce80868d404aa60bf135e2078605f95d599f4155888303b', 'Content-Length': '171'}>
DEBUG:botocore.httpsession:Certificate path: C:\Users\rnsg\AppData\Local\Programs\Python\Python39\lib\site-packages\botocore\cacert.pem
DEBUG:urllib3.connectionpool:Starting new HTTPS connection (1): translate.us-east-1.amazonaws.com:443
DEBUG:urllib3.connectionpool:https://translate.us-east-1.amazonaws.com:443 "POST / HTTP/1.1" 200 187
DEBUG:botocore.parsers:Response headers: {'x-amzn-RequestId': 'e0bb2042-f899-4241-a8d5-932bcceef006', 'Cache-Control': 'no-cache', 'Content-Type': 'application/x-amz-json-1.1', 'Content-Length': '187', 'Date': 'Fri, 03 Sep 2021 19:52:38 GMT'}
DEBUG:botocore.parsers:Response body:
b'{"SourceLanguageCode":"en","TargetLanguageCode":"pt","TranslatedText":"A computa\xc3\xa7\xc3\xa3o em nuvem \xc3\xa9 a entrega sob demanda de recursos de TI pela Internet com pre\xc3\xa7os pagos conforme o uso."}'
DEBUG:botocore.hooks:Event needs-retry.translate.TranslateText: calling handler <botocore.retryhandler.RetryHandler object at 0x000002B1321D1430>
DEBUG:botocore.retryhandler:No retry needed.
INFO:root: O SourceLanguageCode e o TargetLanguageCode são válidos - Processando
DEBUG:botocore.hooks:Event choose-service-name: calling handler <function handle_service_name_alias at 0x000002B131D9C790>
DEBUG:botocore.hooks:Event creating-client-class.translate: calling handler <function add_generate_presigned_url at 0x000002B131D4D280>
DEBUG:botocore.endpoint:Setting translate timeout as (60, 60)
DEBUG:botocore.client:Registering retry handlers for service: translate
DEBUG:botocore.hooks:Event before-parameter-build.translate.TranslateText: calling handler <function generate_idempotent_uuid at 0x000002B131DC0EE0>
DEBUG:botocore.hooks:Event before-call.translate.TranslateText: calling handler <function inject_api_version_header_if_needed at 0x000002B131DCA790>
DEBUG:botocore.endpoint:Making request for OperationModel(name=TranslateText) with params: {'url_path': '/', 'query_string': '', 'method': 'POST', 'headers': {'X-Amz-Target': 'AWSShineFrontendService_20170701.TranslateText', 'Content-Type': 'application/x-amz-json-1.1', 'User-Agent': 'Boto3/1.18.31 Python/3.9.6 Windows/10 Botocore/1.21.31'}, 'body': b'{"Text": "Instead of buying, owning, and maintaining physical data centers and servers, you can access technology services, such as computing power, storage, and databases, on an as-needed basis from a cloud provider like Amazon Web Services (AWS)", "SourceLanguageCode": "en", "TargetLanguageCode": "pt"}', 'url': 'https://translate.us-east-1.amazonaws.com/', 'context': {'client_region': 'us-east-1', 'client_config': <botocore.config.Config object at 0x000002B1321BD130>, 'has_streaming_input': False, 'auth_type': None}}
DEBUG:botocore.hooks:Event request-created.translate.TranslateText: calling handler <bound method RequestSigner.handler of <botocore.signers.RequestSigner object at 0x000002B1321BD1C0>>
DEBUG:botocore.hooks:Event choose-signer.translate.TranslateText: calling handler <function set_operation_specific_signer at 0x000002B131DC0DC0>
DEBUG:botocore.auth:Calculating signature using v4 auth.
DEBUG:botocore.auth:CanonicalRequest:
POST
/

content-type:application/x-amz-json-1.1
host:translate.us-east-1.amazonaws.com
x-amz-date:20210903T195235Z
x-amz-target:AWSShineFrontendService_20170701.TranslateText

content-type;host;x-amz-date;x-amz-target
ba7f575e394781f892fdf3ac451651ab2e7af6c57242e956373fd79956663d83
DEBUG:botocore.auth:StringToSign:
AWS4-HMAC-SHA256
20210903T195235Z
20210903/us-east-1/translate/aws4_request
2e4147ae4142d287bb98746fe367f567177e2a4d270d97eb675124d24c942a91
DEBUG:botocore.auth:Signature:
29c07d7ec54915f5a1ca0bc40bdfb115e90f0184f41d776716de4375b7c04bff
DEBUG:botocore.endpoint:Sending http request: <AWSPreparedRequest stream_output=False, method=POST, url=https://translate.us-east-1.amazonaws.com/, headers={'X-Amz-Target': b'AWSShineFrontendService_20170701.TranslateText', 'Content-Type': b'application/x-amz-json-1.1', 'User-Agent': b'Boto3/1.18.31 Python/3.9.6 Windows/10 Botocore/1.21.31', 'X-Amz-Date': b'20210903T195235Z', 'Authorization': b'AWS4-HMAC-SHA256 Credential=AKIAYMRRSIHXGPZRDLUX/20210903/us-east-1/translate/aws4_request, SignedHeaders=content-type;host;x-amz-date;x-amz-target, Signature=29c07d7ec54915f5a1ca0bc40bdfb115e90f0184f41d776716de4375b7c04bff', 'Content-Length': '305'}>
DEBUG:botocore.httpsession:Certificate path: C:\Users\rnsg\AppData\Local\Programs\Python\Python39\lib\site-packages\botocore\cacert.pem
DEBUG:urllib3.connectionpool:Starting new HTTPS connection (1): translate.us-east-1.amazonaws.com:443
DEBUG:urllib3.connectionpool:https://translate.us-east-1.amazonaws.com:443 "POST / HTTP/1.1" 200 328
DEBUG:botocore.parsers:Response headers: {'x-amzn-RequestId': 'e8e99eae-26fc-44f5-b1da-c7f81bcdd13e', 'Cache-Control': 'no-cache', 'Content-Type': 'application/x-amz-json-1.1', 'Content-Length': '328', 'Date': 'Fri, 03 Sep 2021 19:52:39 GMT'}
DEBUG:botocore.parsers:Response body:
b'{"SourceLanguageCode":"en","TargetLanguageCode":"pt","TranslatedText":"Em vez de comprar, possuir e manter data centers e servidores f\xc3\xadsicos, voc\xc3\xaa pode acessar servi\xc3\xa7os de tecnologia, como poder de computa\xc3\xa7\xc3\xa3o, armazenamento e bancos de dados, conforme necess\xc3\xa1rio, de um provedor de nuvem como a Amazon Web Services (AWS)"}'
DEBUG:botocore.hooks:Event needs-retry.translate.TranslateText: calling handler <botocore.retryhandler.RetryHandler object at 0x000002B132203430>
DEBUG:botocore.retryhandler:No retry needed.
INFO:root: O SourceLanguageCode e o TargetLanguageCode são válidos - Processando
DEBUG:botocore.hooks:Event choose-service-name: calling handler <function handle_service_name_alias at 0x000002B131D9C790>
DEBUG:botocore.hooks:Event creating-client-class.translate: calling handler <function add_generate_presigned_url at 0x000002B131D4D280>
DEBUG:botocore.endpoint:Setting translate timeout as (60, 60)
DEBUG:botocore.client:Registering retry handlers for service: translate
DEBUG:botocore.hooks:Event before-parameter-build.translate.TranslateText: calling handler <function generate_idempotent_uuid at 0x000002B131DC0EE0>
DEBUG:botocore.hooks:Event before-call.translate.TranslateText: calling handler <function inject_api_version_header_if_needed at 0x000002B131DCA790>
DEBUG:botocore.endpoint:Making request for OperationModel(name=TranslateText) with params: {'url_path': '/', 'query_string': '', 'method': 'POST', 'headers': {'X-Amz-Target': 'AWSShineFrontendService_20170701.TranslateText', 'Content-Type': 'application/x-amz-json-1.1', 'User-Agent': 'Boto3/1.18.31 Python/3.9.6 Windows/10 Botocore/1.21.31'}, 'body': b'{"Text": "Who is using Cloud computing?", "SourceLanguageCode": "en", "TargetLanguageCode": "pt"}', 'url': 'https://translate.us-east-1.amazonaws.com/', 'context': {'client_region': 'us-east-1', 'client_config': <botocore.config.Config object at 0x000002B1321D17C0>, 'has_streaming_input': False, 'auth_type': None}}
DEBUG:botocore.hooks:Event request-created.translate.TranslateText: calling handler <bound method RequestSigner.handler of <botocore.signers.RequestSigner object at 0x000002B1321D1790>>
DEBUG:botocore.hooks:Event choose-signer.translate.TranslateText: calling handler <function set_operation_specific_signer at 0x000002B131DC0DC0>
DEBUG:botocore.auth:Calculating signature using v4 auth.
DEBUG:botocore.auth:CanonicalRequest:
POST
/

content-type:application/x-amz-json-1.1
host:translate.us-east-1.amazonaws.com
x-amz-date:20210903T195236Z
x-amz-target:AWSShineFrontendService_20170701.TranslateText

content-type;host;x-amz-date;x-amz-target
3dc3a549bee0b826ade0a3ec6c295b0da0d3326f64218b9bef17df98ca9c7e36
DEBUG:botocore.auth:StringToSign:
AWS4-HMAC-SHA256
20210903T195236Z
20210903/us-east-1/translate/aws4_request
49d79368281e61081136d144d30e27b83c12f2a768bef5a4ced001adf6ecc37c
DEBUG:botocore.auth:Signature:
6057c5ba78d57eb06d4200bccbb62ac421d09a53a0c4712328e043cca74d1416
DEBUG:botocore.endpoint:Sending http request: <AWSPreparedRequest stream_output=False, method=POST, url=https://translate.us-east-1.amazonaws.com/, headers={'X-Amz-Target': b'AWSShineFrontendService_20170701.TranslateText', 'Content-Type': b'application/x-amz-json-1.1', 'User-Agent': b'Boto3/1.18.31 Python/3.9.6 Windows/10 Botocore/1.21.31', 'X-Amz-Date': b'20210903T195236Z', 'Authorization': b'AWS4-HMAC-SHA256 Credential=AKIAYMRRSIHXGPZRDLUX/20210903/us-east-1/translate/aws4_request, SignedHeaders=content-type;host;x-amz-date;x-amz-target, Signature=6057c5ba78d57eb06d4200bccbb62ac421d09a53a0c4712328e043cca74d1416', 'Content-Length': '97'}>
DEBUG:botocore.httpsession:Certificate path: C:\Users\rnsg\AppData\Local\Programs\Python\Python39\lib\site-packages\botocore\cacert.pem
DEBUG:urllib3.connectionpool:Starting new HTTPS connection (1): translate.us-east-1.amazonaws.com:443
DEBUG:urllib3.connectionpool:https://translate.us-east-1.amazonaws.com:443 "POST / HTTP/1.1" 200 115
DEBUG:botocore.parsers:Response headers: {'x-amzn-RequestId': 'ccfc64bc-fa54-441f-a56c-17eb0545a128', 'Cache-Control': 'no-cache', 'Content-Type': 'application/x-amz-json-1.1', 'Content-Length': '115', 'Date': 'Fri, 03 Sep 2021 19:52:40 GMT'}
DEBUG:botocore.parsers:Response body:
b'{"SourceLanguageCode":"en","TargetLanguageCode":"pt","TranslatedText":"Quem est\xc3\xa1 usando a computa\xc3\xa7\xc3\xa3o em nuvem?"}'
DEBUG:botocore.hooks:Event needs-retry.translate.TranslateText: calling handler <botocore.retryhandler.RetryHandler object at 0x000002B132208460>
DEBUG:botocore.retryhandler:No retry needed.
INFO:root: O SourceLanguageCode e o TargetLanguageCode são válidos - Processando
DEBUG:botocore.hooks:Event choose-service-name: calling handler <function handle_service_name_alias at 0x000002B131D9C790>
DEBUG:botocore.hooks:Event creating-client-class.translate: calling handler <function add_generate_presigned_url at 0x000002B131D4D280>
DEBUG:botocore.endpoint:Setting translate timeout as (60, 60)
DEBUG:botocore.client:Registering retry handlers for service: translate
DEBUG:botocore.hooks:Event before-parameter-build.translate.TranslateText: calling handler <function generate_idempotent_uuid at 0x000002B131DC0EE0>
DEBUG:botocore.hooks:Event before-call.translate.TranslateText: calling handler <function inject_api_version_header_if_needed at 0x000002B131DCA790>
DEBUG:botocore.endpoint:Making request for OperationModel(name=TranslateText) with params: {'url_path': '/', 'query_string': '', 'method': 'POST', 'headers': {'X-Amz-Target': 'AWSShineFrontendService_20170701.TranslateText', 'Content-Type': 'application/x-amz-json-1.1', 'User-Agent': 'Boto3/1.18.31 Python/3.9.6 Windows/10 Botocore/1.21.31'}, 'body': b'{"Text": "Organizations of every type, size, and industry are using the cloud for a wide variety of use cases, such as data backup, disaster recovery, email, virtual desktops, software development and testing, big data analytics, and customer-facing web applications.", "SourceLanguageCode": "en", "TargetLanguageCode": "pt"}', 'url': 'https://translate.us-east-1.amazonaws.com/', 'context': {'client_region': 'us-east-1', 'client_config': <botocore.config.Config object at 0x000002B132203A00>, 'has_streaming_input': False, 'auth_type': None}}
DEBUG:botocore.hooks:Event request-created.translate.TranslateText: calling handler <bound method RequestSigner.handler of <botocore.signers.RequestSigner object at 0x000002B1322037C0>>
DEBUG:botocore.hooks:Event choose-signer.translate.TranslateText: calling handler <function set_operation_specific_signer at 0x000002B131DC0DC0>
DEBUG:botocore.auth:Calculating signature using v4 auth.
DEBUG:botocore.auth:CanonicalRequest:
POST
/

content-type:application/x-amz-json-1.1
host:translate.us-east-1.amazonaws.com
x-amz-date:20210903T195237Z
x-amz-target:AWSShineFrontendService_20170701.TranslateText

content-type;host;x-amz-date;x-amz-target
a579624f38b52dbeca1b236b44f116c77fc26cd734cb213121922ee694fe4406
DEBUG:botocore.auth:StringToSign:
AWS4-HMAC-SHA256
20210903T195237Z
20210903/us-east-1/translate/aws4_request
0e41b831fbf90e68076784db283d113eb351a4d460af33ac4b599ffdf2b1e4eb
DEBUG:botocore.auth:Signature:
ad95afe62cbd234d1c20f84f7a6f2df6fe70d172b183054dc39241b2466ebdbd
DEBUG:botocore.endpoint:Sending http request: <AWSPreparedRequest stream_output=False, method=POST, url=https://translate.us-east-1.amazonaws.com/, headers={'X-Amz-Target': b'AWSShineFrontendService_20170701.TranslateText', 'Content-Type': b'application/x-amz-json-1.1', 'User-Agent': b'Boto3/1.18.31 Python/3.9.6 Windows/10 Botocore/1.21.31', 'X-Amz-Date': b'20210903T195237Z', 'Authorization': b'AWS4-HMAC-SHA256 Credential=AKIAYMRRSIHXGPZRDLUX/20210903/us-east-1/translate/aws4_request, SignedHeaders=content-type;host;x-amz-date;x-amz-target, Signature=ad95afe62cbd234d1c20f84f7a6f2df6fe70d172b183054dc39241b2466ebdbd', 'Content-Length': '325'}>
DEBUG:botocore.httpsession:Certificate path: C:\Users\rnsg\AppData\Local\Programs\Python\Python39\lib\site-packages\botocore\cacert.pem
DEBUG:urllib3.connectionpool:Starting new HTTPS connection (1): translate.us-east-1.amazonaws.com:443
DEBUG:urllib3.connectionpool:https://translate.us-east-1.amazonaws.com:443 "POST / HTTP/1.1" 200 370
DEBUG:botocore.parsers:Response headers: {'x-amzn-RequestId': 'dc3eaa20-fbff-4884-91df-5e8dd009441f', 'Cache-Control': 'no-cache', 'Content-Type': 'application/x-amz-json-1.1', 'Content-Length': '370', 'Date': 'Fri, 03 Sep 2021 19:52:41 GMT'}
DEBUG:botocore.parsers:Response body:
b'{"SourceLanguageCode":"en","TargetLanguageCode":"pt","TranslatedText":"Organiza\xc3\xa7\xc3\xb5es de todos os tipos, tamanhos e setores est\xc3\xa3o usando a nuvem para uma ampla variedade de casos de uso, como backup de dados, recupera\xc3\xa7\xc3\xa3o de desastres, e-mail, desktops virtuais, desenvolvimento e teste de software, an\xc3\xa1lise de big data e aplicativos da Web voltados para o cliente."}'
DEBUG:botocore.hooks:Event needs-retry.translate.TranslateText: calling handler <botocore.retryhandler.RetryHandler object at 0x000002B132213460>
DEBUG:botocore.retryhandler:No retry needed.
INFO:root: O SourceLanguageCode e o TargetLanguageCode são válidos - Processando
DEBUG:botocore.hooks:Event choose-service-name: calling handler <function handle_service_name_alias at 0x000002B131D9C790>
DEBUG:botocore.hooks:Event creating-client-class.translate: calling handler <function add_generate_presigned_url at 0x000002B131D4D280>
DEBUG:botocore.endpoint:Setting translate timeout as (60, 60)
DEBUG:botocore.client:Registering retry handlers for service: translate
DEBUG:botocore.hooks:Event before-parameter-build.translate.TranslateText: calling handler <function generate_idempotent_uuid at 0x000002B131DC0EE0>
DEBUG:botocore.hooks:Event before-call.translate.TranslateText: calling handler <function inject_api_version_header_if_needed at 0x000002B131DCA790>
DEBUG:botocore.endpoint:Making request for OperationModel(name=TranslateText) with params: {'url_path': '/', 'query_string': '', 'method': 'POST', 'headers': {'X-Amz-Target': 'AWSShineFrontendService_20170701.TranslateText', 'Content-Type': 'application/x-amz-json-1.1', 'User-Agent': 'Boto3/1.18.31 Python/3.9.6 Windows/10 Botocore/1.21.31'}, 'body': b'{"Text": "For example, healthcare companies are using the cloud to develop more personalized treatments for patients. Financial services companies are using the cloud to power real-time fraud detection and prevention.", "SourceLanguageCode": "en", "TargetLanguageCode": "pt"}', 'url': 'https://translate.us-east-1.amazonaws.com/', 'context': {'client_region': 'us-east-1', 'client_config': <botocore.config.Config object at 0x000002B132208A30>, 'has_streaming_input': False, 'auth_type': None}}
DEBUG:botocore.hooks:Event request-created.translate.TranslateText: calling handler <bound method RequestSigner.handler of <botocore.signers.RequestSigner object at 0x000002B1322087F0>>
DEBUG:botocore.hooks:Event choose-signer.translate.TranslateText: calling handler <function set_operation_specific_signer at 0x000002B131DC0DC0>
DEBUG:botocore.auth:Calculating signature using v4 auth.
DEBUG:botocore.auth:CanonicalRequest:
POST
/

content-type:application/x-amz-json-1.1
host:translate.us-east-1.amazonaws.com
x-amz-date:20210903T195237Z
x-amz-target:AWSShineFrontendService_20170701.TranslateText

content-type;host;x-amz-date;x-amz-target
d178545302ccb75957218c5cec3d83a5b8954274ba367fb40b8c62d8d8cc3046
DEBUG:botocore.auth:StringToSign:
AWS4-HMAC-SHA256
20210903T195237Z
20210903/us-east-1/translate/aws4_request
4cfd7013a0c4ae38f219d7f6d632dde0ab5a219670981499945c824695194847
DEBUG:botocore.auth:Signature:
217e61e77464a15208f60d4bcd418a83aef830a8f38bc8993d40cd22f8a7a5cf
DEBUG:botocore.endpoint:Sending http request: <AWSPreparedRequest stream_output=False, method=POST, url=https://translate.us-east-1.amazonaws.com/, headers={'X-Amz-Target': b'AWSShineFrontendService_20170701.TranslateText', 'Content-Type': b'application/x-amz-json-1.1', 'User-Agent': b'Boto3/1.18.31 Python/3.9.6 Windows/10 Botocore/1.21.31', 'X-Amz-Date': b'20210903T195237Z', 'Authorization': b'AWS4-HMAC-SHA256 Credential=AKIAYMRRSIHXGPZRDLUX/20210903/us-east-1/translate/aws4_request, SignedHeaders=content-type;host;x-amz-date;x-amz-target, Signature=217e61e77464a15208f60d4bcd418a83aef830a8f38bc8993d40cd22f8a7a5cf', 'Content-Length': '275'}>
DEBUG:botocore.httpsession:Certificate path: C:\Users\rnsg\AppData\Local\Programs\Python\Python39\lib\site-packages\botocore\cacert.pem
DEBUG:urllib3.connectionpool:Starting new HTTPS connection (1): translate.us-east-1.amazonaws.com:443
DEBUG:urllib3.connectionpool:https://translate.us-east-1.amazonaws.com:443 "POST / HTTP/1.1" 200 326
DEBUG:botocore.parsers:Response headers: {'x-amzn-RequestId': '37b0d920-a31d-44d8-b47f-59a0df00b6e5', 'Cache-Control': 'no-cache', 'Content-Type': 'application/x-amz-json-1.1', 'Content-Length': '326', 'Date': 'Fri, 03 Sep 2021 19:52:42 GMT'}
DEBUG:botocore.parsers:Response body:
b'{"SourceLanguageCode":"en","TargetLanguageCode":"pt","TranslatedText":"Por exemplo, as empresas de sa\xc3\xbade est\xc3\xa3o usando a nuvem para desenvolver tratamentos mais personalizados para os pacientes. As empresas de servi\xc3\xa7os financeiros est\xc3\xa3o usando a nuvem para impulsionar a detec\xc3\xa7\xc3\xa3o e preven\xc3\xa7\xc3\xa3o de fraudes em tempo real."}'
DEBUG:botocore.hooks:Event needs-retry.translate.TranslateText: calling handler <botocore.retryhandler.RetryHandler object at 0x000002B132219460>
DEBUG:botocore.retryhandler:No retry needed.
INFO:root: O SourceLanguageCode e o TargetLanguageCode são válidos - Processando
DEBUG:botocore.hooks:Event choose-service-name: calling handler <function handle_service_name_alias at 0x000002B131D9C790>
DEBUG:botocore.hooks:Event creating-client-class.translate: calling handler <function add_generate_presigned_url at 0x000002B131D4D280>
DEBUG:botocore.endpoint:Setting translate timeout as (60, 60)
DEBUG:botocore.client:Registering retry handlers for service: translate
DEBUG:botocore.hooks:Event before-parameter-build.translate.TranslateText: calling handler <function generate_idempotent_uuid at 0x000002B131DC0EE0>
DEBUG:botocore.hooks:Event before-call.translate.TranslateText: calling handler <function inject_api_version_header_if_needed at 0x000002B131DCA790>
DEBUG:botocore.endpoint:Making request for OperationModel(name=TranslateText) with params: {'url_path': '/', 'query_string': '', 'method': 'POST', 'headers': {'X-Amz-Target': 'AWSShineFrontendService_20170701.TranslateText', 'Content-Type': 'application/x-amz-json-1.1', 'User-Agent': 'Boto3/1.18.31 Python/3.9.6 Windows/10 Botocore/1.21.31'}, 'body': b'{"Text": "And video game makers are using the cloud to deliver online games to millions of players around the world.", "SourceLanguageCode": "en", "TargetLanguageCode": "pt"}', 'url': 'https://translate.us-east-1.amazonaws.com/', 'context': {'client_region': 'us-east-1', 'client_config': <botocore.config.Config object at 0x000002B132213A30>, 'has_streaming_input': False, 'auth_type': None}}
DEBUG:botocore.hooks:Event request-created.translate.TranslateText: calling handler <bound method RequestSigner.handler of <botocore.signers.RequestSigner object at 0x000002B1322137F0>>
DEBUG:botocore.hooks:Event choose-signer.translate.TranslateText: calling handler <function set_operation_specific_signer at 0x000002B131DC0DC0>
DEBUG:botocore.auth:Calculating signature using v4 auth.
DEBUG:botocore.auth:CanonicalRequest:
POST
/

content-type:application/x-amz-json-1.1
host:translate.us-east-1.amazonaws.com
x-amz-date:20210903T195238Z
x-amz-target:AWSShineFrontendService_20170701.TranslateText

content-type;host;x-amz-date;x-amz-target
c8a25eb6e12282dbe9cc3d5aee5d2accb2c34d33c0b2276f0f74ef15eae8d64c
DEBUG:botocore.auth:StringToSign:
AWS4-HMAC-SHA256
20210903T195238Z
20210903/us-east-1/translate/aws4_request
e16dc3d075b5707840463ed8842061efa048e2d414f2d358f3747fdce978dbfd
DEBUG:botocore.auth:Signature:
eb5c2455a35c5b323784bb728258feb1e4e5687623696d43815cc8c7955433b3
DEBUG:botocore.endpoint:Sending http request: <AWSPreparedRequest stream_output=False, method=POST, url=https://translate.us-east-1.amazonaws.com/, headers={'X-Amz-Target': b'AWSShineFrontendService_20170701.TranslateText', 'Content-Type': b'application/x-amz-json-1.1', 'User-Agent': b'Boto3/1.18.31 Python/3.9.6 Windows/10 Botocore/1.21.31', 'X-Amz-Date': b'20210903T195238Z', 'Authorization': b'AWS4-HMAC-SHA256 Credential=AKIAYMRRSIHXGPZRDLUX/20210903/us-east-1/translate/aws4_request, SignedHeaders=content-type;host;x-amz-date;x-amz-target, Signature=eb5c2455a35c5b323784bb728258feb1e4e5687623696d43815cc8c7955433b3', 'Content-Length': '174'}>
DEBUG:botocore.httpsession:Certificate path: C:\Users\rnsg\AppData\Local\Programs\Python\Python39\lib\site-packages\botocore\cacert.pem
DEBUG:urllib3.connectionpool:Starting new HTTPS connection (1): translate.us-east-1.amazonaws.com:443
DEBUG:urllib3.connectionpool:https://translate.us-east-1.amazonaws.com:443 "POST / HTTP/1.1" 200 191
DEBUG:botocore.parsers:Response headers: {'x-amzn-RequestId': 'db0ef130-51d6-4888-b91e-180f88ca6a98', 'Cache-Control': 'no-cache', 'Content-Type': 'application/x-amz-json-1.1', 'Content-Length': '191', 'Date': 'Fri, 03 Sep 2021 19:52:43 GMT'}
DEBUG:botocore.parsers:Response body:
b'{"SourceLanguageCode":"en","TargetLanguageCode":"pt","TranslatedText":"E os criadores de videogames est\xc3\xa3o usando a nuvem para entregar jogos online a milh\xc3\xb5es de jogadores em todo o mundo."}'
DEBUG:botocore.hooks:Event needs-retry.translate.TranslateText: calling handler <botocore.retryhandler.RetryHandler object at 0x000002B13221F460>
DEBUG:botocore.retryhandler:No retry needed.
